1622368789240	geckodriver	INFO	Listening on 127.0.0.1:51932
1622368792394	mozrunner::runner	INFO	Running command: "C:\\Program Files\\Mozilla Firefox\\firefox.exe" "--marionette" "-foreground" "-no-remote" "-profile" "C:\\Users\\kafal\\AppData\\Local\\Temp\\rust_mozprofileEdpPZI"
1622368804537	Marionette	INFO	Marionette enabled
console.warn: SearchSettings: "get: No settings file exists, new profile?" (new Error("", "(unknown module)"))
console.error: Region.jsm: "Error fetching region" (new Error("TIMEOUT", "resource://gre/modules/Region.jsm", 772))
console.error: Region.jsm: "Failed to fetch region" (new Error("TIMEOUT", "resource://gre/modules/Region.jsm", 419))
1622368845728	Marionette	INFO	Listening on port 51940
1622368847013	Marionette	WARN	TLS certificate errors will be ignored for this session
[Parent 6748, IPC I/O Parent] WARNING: file /builds/worker/checkouts/gecko/ipc/chromium/src/base/process_util_win.cc:167
1622368954802	Marionette	INFO	Stopped listening on port 51940

###!!! [Child][RunMessage] Error: Channel closing: too late to send/recv, messages will be lost

1622369176931	geckodriver	INFO	Listening on 127.0.0.1:52383
1622369179932	mozrunner::runner	INFO	Running command: "C:\\Program Files\\Mozilla Firefox\\firefox.exe" "--marionette" "-foreground" "-no-remote" "-profile" "C:\\Users\\kafal\\AppData\\Local\\Temp\\rust_mozprofile0eZFT0"
1622369181998	Marionette	INFO	Marionette enabled
console.warn: SearchSettings: "get: No settings file exists, new profile?" (new Error("", "(unknown module)"))
1622369191628	Marionette	INFO	Listening on port 52391
1622369192157	Marionette	WARN	TLS certificate errors will be ignored for this session
1622369199913	Marionette	INFO	Stopped listening on port 52391

###!!! [Child][RunMessage] Error: Channel closing: too late to send/recv, messages will be lost

1622369411999	geckodriver	INFO	Listening on 127.0.0.1:52523
1622369415039	mozrunner::runner	INFO	Running command: "C:\\Program Files\\Mozilla Firefox\\firefox.exe" "--marionette" "-foreground" "-no-remote" "-profile" "C:\\Users\\kafal\\AppData\\Local\\Temp\\rust_mozprofileDhoSkG"
1622369415811	Marionette	INFO	Marionette enabled
console.warn: SearchSettings: "get: No settings file exists, new profile?" (new Error("", "(unknown module)"))
1622369422000	Marionette	INFO	Listening on port 52531
1622369422505	Marionette	WARN	TLS certificate errors will be ignored for this session
1622369422510	Marionette	INFO	Proxy settings initialised: {"proxyType":"manual","httpProxy":"113.161.58.255:8080","sslProxy":"113.161.58.255:8080"}
1622369478243	Marionette	INFO	Stopped listening on port 52531

###!!! [Child][RunMessage] Error: Channel closing: too late to send/recv, messages will be lost

1622369479043	geckodriver	INFO	Listening on 127.0.0.1:52577
1622369482076	mozrunner::runner	INFO	Running command: "C:\\Program Files\\Mozilla Firefox\\firefox.exe" "--marionette" "-foreground" "-no-remote" "-profile" "C:\\Users\\kafal\\AppData\\Local\\Temp\\rust_mozprofilefN7dgx"
1622369482990	Marionette	INFO	Marionette enabled
console.warn: SearchSettings: "get: No settings file exists, new profile?" (new Error("", "(unknown module)"))
1622369490126	Marionette	INFO	Listening on port 52585
1622369490640	Marionette	WARN	TLS certificate errors will be ignored for this session
1622369490646	Marionette	INFO	Proxy settings initialised: {"proxyType":"manual","httpProxy":"113.161.58.255:8080","sslProxy":"113.161.58.255:8080"}
1622369524883	Marionette	INFO	Stopped listening on port 52585

###!!! [Child][RunMessage] Error: Channel closing: too late to send/recv, messages will be lost

1622369544359	geckodriver	INFO	Listening on 127.0.0.1:52631
1622369547399	mozrunner::runner	INFO	Running command: "C:\\Program Files\\Mozilla Firefox\\firefox.exe" "--marionette" "-foreground" "-no-remote" "-profile" "C:\\Users\\kafal\\AppData\\Local\\Temp\\rust_mozprofileWPYAOX"
1622369548209	Marionette	INFO	Marionette enabled
console.warn: SearchSettings: "get: No settings file exists, new profile?" (new Error("", "(unknown module)"))
1622369555207	Marionette	INFO	Listening on port 52639
1622369555683	Marionette	WARN	TLS certificate errors will be ignored for this session
1622369555688	Marionette	INFO	Proxy settings initialised: {"proxyType":"manual","httpProxy":"113.161.58.255:8080","sslProxy":"113.161.58.255:8080"}
1622369577804	Marionette	INFO	Stopped listening on port 52639

###!!! [Child][RunMessage] Error: Channel closing: too late to send/recv, messages will be lost

1622369594861	geckodriver	INFO	Listening on 127.0.0.1:52684
1622369597889	mozrunner::runner	INFO	Running command: "C:\\Program Files\\Mozilla Firefox\\firefox.exe" "--marionette" "-foreground" "-no-remote" "-profile" "C:\\Users\\kafal\\AppData\\Local\\Temp\\rust_mozprofile5ZkSPn"
1622369598998	Marionette	INFO	Marionette enabled
console.warn: SearchSettings: "get: No settings file exists, new profile?" (new Error("", "(unknown module)"))
1622369605791	Marionette	INFO	Listening on port 52692
1622369605840	Marionette	WARN	TLS certificate errors will be ignored for this session
1622369605845	Marionette	INFO	Proxy settings initialised: {"proxyType":"manual","httpProxy":"113.161.58.255:8080","sslProxy":"113.161.58.255:8080"}
console.error: services.settings: 
  main/partitioning-exempt-urls Signature failed  TypeError: NetworkError when attempting to fetch resource.
1622369625471	Marionette	INFO	Stopped listening on port 52692

###!!! [Child][RunMessage] Error: Channel closing: too late to send/recv, messages will be lost

1622369671580	geckodriver	INFO	Listening on 127.0.0.1:52728
1622369674631	mozrunner::runner	INFO	Running command: "C:\\Program Files\\Mozilla Firefox\\firefox.exe" "--marionette" "-foreground" "-no-remote" "-profile" "C:\\Users\\kafal\\AppData\\Local\\Temp\\rust_mozprofile9uuksO"
1622369675714	Marionette	INFO	Marionette enabled
console.warn: SearchSettings: "get: No settings file exists, new profile?" (new Error("", "(unknown module)"))
1622369682283	Marionette	INFO	Listening on port 52736
1622369682591	Marionette	WARN	TLS certificate errors will be ignored for this session
1622369682596	Marionette	INFO	Proxy settings initialised: {"proxyType":"manual","httpProxy":"45.236.169.150:999","sslProxy":"45.236.169.150:999"}
1622369793330	Marionette	INFO	Stopped listening on port 52736
1622369812999	geckodriver	INFO	Listening on 127.0.0.1:52807
1622369816060	mozrunner::runner	INFO	Running command: "C:\\Program Files\\Mozilla Firefox\\firefox.exe" "--marionette" "-foreground" "-no-remote" "-profile" "C:\\Users\\kafal\\AppData\\Local\\Temp\\rust_mozprofileRvAUG3"
1622369817304	Marionette	INFO	Marionette enabled
console.warn: SearchSettings: "get: No settings file exists, new profile?" (new Error("", "(unknown module)"))
1622369824524	Marionette	INFO	Listening on port 52816
1622369824650	Marionette	WARN	TLS certificate errors will be ignored for this session
1622369824658	Marionette	INFO	Proxy settings initialised: {"proxyType":"manual","httpProxy":"45.236.169.150:999","sslProxy":"45.236.169.150:999"}
console.error: services.settings: 
  main/fxmonitor-breaches Signature failed  TypeError: NetworkError when attempting to fetch resource.
1622369846930	Marionette	INFO	Stopped listening on port 52816

###!!! [Child][RunMessage] Error: Channel closing: too late to send/recv, messages will be lost

1622369908443	geckodriver	INFO	Listening on 127.0.0.1:52846
1622369911483	mozrunner::runner	INFO	Running command: "C:\\Program Files\\Mozilla Firefox\\firefox.exe" "--marionette" "-foreground" "-no-remote" "-profile" "C:\\Users\\kafal\\AppData\\Local\\Temp\\rust_mozprofileza717E"
1622369912450	Marionette	INFO	Marionette enabled
console.warn: SearchSettings: "get: No settings file exists, new profile?" (new Error("", "(unknown module)"))
1622369920494	Marionette	INFO	Listening on port 52854
1622369920872	Marionette	WARN	TLS certificate errors will be ignored for this session
1622369920885	Marionette	INFO	Proxy settings initialised: {"proxyType":"manual","httpProxy":"187.95.114.125:3128","sslProxy":"187.95.114.125:3128"}
console.error: services.settings: 
  main/fxmonitor-breaches Signature failed  TypeError: NetworkError when attempting to fetch resource.
1622369943124	Marionette	INFO	Stopped listening on port 52854

###!!! [Child][RunMessage] Error: Channel closing: too late to send/recv, messages will be lost

1622370018946	geckodriver	INFO	Listening on 127.0.0.1:52892
1622370021979	mozrunner::runner	INFO	Running command: "C:\\Program Files\\Mozilla Firefox\\firefox.exe" "--marionette" "-foreground" "-no-remote" "-profile" "C:\\Users\\kafal\\AppData\\Local\\Temp\\rust_mozprofileCfAuQy"
1622370022949	Marionette	INFO	Marionette enabled
console.warn: SearchSettings: "get: No settings file exists, new profile?" (new Error("", "(unknown module)"))
1622370030472	Marionette	INFO	Listening on port 52900
1622370030552	Marionette	WARN	TLS certificate errors will be ignored for this session
1622370030559	Marionette	INFO	Proxy settings initialised: {"proxyType":"manual","httpProxy":"213.226.11.149:41878","sslProxy":"213.226.11.149:41878"}
JavaScript error: resource://gre/modules/Prompter.jsm, line 1181: NS_ERROR_NOT_AVAILABLE: prompt aborted by user
1622370105054	Marionette	INFO	Stopped listening on port 52900
1622370628323	geckodriver	INFO	Listening on 127.0.0.1:53183
1622370631419	mozrunner::runner	INFO	Running command: "C:\\Program Files\\Mozilla Firefox\\firefox.exe" "--marionette" "-foreground" "-no-remote" "-profile" "C:\\Users\\kafal\\AppData\\Local\\Temp\\rust_mozprofileka1IzH"
1622370632974	Marionette	INFO	Marionette enabled
console.warn: SearchSettings: "get: No settings file exists, new profile?" (new Error("", "(unknown module)"))
1622370642606	Marionette	INFO	Listening on port 53191
1622370642653	Marionette	WARN	TLS certificate errors will be ignored for this session
1622370642658	Marionette	INFO	Proxy settings initialised: {"proxyType":"manual","httpProxy":"213.226.11.149:41878","sslProxy":"213.226.11.149:41878"}
console.error: services.settings: 
  main/fxmonitor-breaches Signature failed  TypeError: NetworkError when attempting to fetch resource.
[Parent 9028, IPC I/O Parent] WARNING: pipe error: 232: file /builds/worker/checkouts/gecko/ipc/chromium/src/chrome/common/ipc_channel_win.cc:544
1622370896373	Marionette	INFO	Stopped listening on port 53191

###!!! [Child][RunMessage] Error: Channel closing: too late to send/recv, messages will be lost

1622370899684	geckodriver	INFO	Listening on 127.0.0.1:53549
1622370902704	mozrunner::runner	INFO	Running command: "C:\\Program Files\\Mozilla Firefox\\firefox.exe" "--marionette" "-foreground" "-no-remote" "-profile" "C:\\Users\\kafal\\AppData\\Local\\Temp\\rust_mozprofilePm1gbA"
1622370904212	Marionette	INFO	Marionette enabled
console.warn: SearchSettings: "get: No settings file exists, new profile?" (new Error("", "(unknown module)"))
1622370915266	Marionette	INFO	Listening on port 53557
1622370915609	Marionette	WARN	TLS certificate errors will be ignored for this session
1622370915615	Marionette	INFO	Proxy settings initialised: {"proxyType":"manual","httpProxy":"72.50.33.170:999","sslProxy":"72.50.33.170:999"}
1622370978098	Marionette	INFO	Stopped listening on port 53557
1622371040982	geckodriver	INFO	Listening on 127.0.0.1:53697
1622371044039	mozrunner::runner	INFO	Running command: "C:\\Program Files\\Mozilla Firefox\\firefox.exe" "--marionette" "-foreground" "-no-remote" "-profile" "C:\\Users\\kafal\\AppData\\Local\\Temp\\rust_mozprofileutZwVR"
1622371045002	Marionette	INFO	Marionette enabled
console.warn: SearchSettings: "get: No settings file exists, new profile?" (new Error("", "(unknown module)"))
console.error: Region.jsm: "Error fetching region" (new Error("TIMEOUT", "resource://gre/modules/Region.jsm", 772))
console.error: Region.jsm: "Failed to fetch region" (new Error("TIMEOUT", "resource://gre/modules/Region.jsm", 419))
1622371056592	Marionette	INFO	Listening on port 53705
1622371056777	Marionette	WARN	TLS certificate errors will be ignored for this session
1622371056783	Marionette	INFO	Proxy settings initialised: {"proxyType":"manual","httpProxy":"72.50.33.170:999","sslProxy":"72.50.33.170:999"}
JavaScript error: https://sf16-scmcdn-va.ibytedtos.com/goofy/tiktok/web/node/_next/static/chunks/webpack-fd238adb389700ec6849.js, line 1: ChunkLoadError: Loading chunk 138 failed.
(error: https://sf16-scmcdn-va.ibytedtos.com/goofy/tiktok/web/node/_next/static/chunks/138.e98fad47add7025d5add.js)
1622371150437	Marionette	INFO	Stopped listening on port 53705
1622371174131	geckodriver	INFO	Listening on 127.0.0.1:53892
1622371177183	mozrunner::runner	INFO	Running command: "C:\\Program Files\\Mozilla Firefox\\firefox.exe" "--marionette" "-foreground" "-no-remote" "-profile" "C:\\Users\\kafal\\AppData\\Local\\Temp\\rust_mozprofilez5UIuK"
1622371178249	Marionette	INFO	Marionette enabled
console.warn: SearchSettings: "get: No settings file exists, new profile?" (new Error("", "(unknown module)"))
1622371185920	Marionette	INFO	Listening on port 53900
1622371186445	Marionette	WARN	TLS certificate errors will be ignored for this session
1622371186453	Marionette	INFO	Proxy settings initialised: {"proxyType":"manual","httpProxy":"72.50.33.170:999","sslProxy":"72.50.33.170:999"}
1622371213840	Marionette	INFO	Stopped listening on port 53900

###!!! [Child][RunMessage] Error: Channel closing: too late to send/recv, messages will be lost

1622371336474	geckodriver	INFO	Listening on 127.0.0.1:54025
1622371339506	mozrunner::runner	INFO	Running command: "C:\\Program Files\\Mozilla Firefox\\firefox.exe" "--marionette" "-foreground" "-no-remote" "-profile" "C:\\Users\\kafal\\AppData\\Local\\Temp\\rust_mozprofileoIkcbf"
1622371340540	Marionette	INFO	Marionette enabled
console.warn: SearchSettings: "get: No settings file exists, new profile?" (new Error("", "(unknown module)"))
1622371347691	Marionette	INFO	Listening on port 54033
1622371348045	Marionette	WARN	TLS certificate errors will be ignored for this session
1622371348052	Marionette	INFO	Proxy settings initialised: {"proxyType":"manual","httpProxy":"72.50.33.170:999","sslProxy":"72.50.33.170:999"}
1622371405751	Marionette	INFO	Stopped listening on port 54033
1622371667671	geckodriver	INFO	Listening on 127.0.0.1:54262
1622371670694	mozrunner::runner	INFO	Running command: "C:\\Program Files\\Mozilla Firefox\\firefox.exe" "--marionette" "-foreground" "-no-remote" "-profile" "C:\\Users\\kafal\\AppData\\Local\\Temp\\rust_mozprofileJp3x6g"
1622371671812	Marionette	INFO	Marionette enabled
console.warn: SearchSettings: "get: No settings file exists, new profile?" (new Error("", "(unknown module)"))
1622371679647	Marionette	INFO	Listening on port 54270
1622371679833	Marionette	WARN	TLS certificate errors will be ignored for this session
1622371679837	Marionette	INFO	Proxy settings initialised: {"proxyType":"manual","httpProxy":"72.50.33.170:999","sslProxy":"72.50.33.170:999"}
1622371719411	Marionette	INFO	Stopped listening on port 54270
1622371731600	geckodriver	INFO	Listening on 127.0.0.1:54390
1622371734633	mozrunner::runner	INFO	Running command: "C:\\Program Files\\Mozilla Firefox\\firefox.exe" "--marionette" "-foreground" "-no-remote" "-profile" "C:\\Users\\kafal\\AppData\\Local\\Temp\\rust_mozprofileOMF2Q3"
1622371735745	Marionette	INFO	Marionette enabled
console.warn: SearchSettings: "get: No settings file exists, new profile?" (new Error("", "(unknown module)"))
1622371745513	Marionette	INFO	Listening on port 54401
1622371746074	Marionette	WARN	TLS certificate errors will be ignored for this session
1622371746080	Marionette	INFO	Proxy settings initialised: {"proxyType":"manual","httpProxy":"72.50.33.170:999","sslProxy":"72.50.33.170:999"}
console.error: services.settings: 
  main/fxmonitor-breaches Signature failed  TypeError: NetworkError when attempting to fetch resource.
console.error: services.settings: 
  main/cfr-fxa Signature failed  TypeError: NetworkError when attempting to fetch resource.
*** UTM:SVC TimerManager:registerTimer called after profile-before-change notification. Ignoring timer registration for id: telemetry_modules_ping
*** UTM:SVC TimerManager:registerTimer called after profile-before-change notification. Ignoring timer registration for id: telemetry_untrustedmodules_ping
1622371796808	Marionette	INFO	Stopped listening on port 54401
1622371817558	geckodriver	INFO	Listening on 127.0.0.1:54578
1622371820584	mozrunner::runner	INFO	Running command: "C:\\Program Files\\Mozilla Firefox\\firefox.exe" "--marionette" "-foreground" "-no-remote" "-profile" "C:\\Users\\kafal\\AppData\\Local\\Temp\\rust_mozprofileXdB18U"
1622371822491	Marionette	INFO	Marionette enabled
console.warn: SearchSettings: "get: No settings file exists, new profile?" (new Error("", "(unknown module)"))
1622371831679	Marionette	INFO	Listening on port 54586
1622371832103	Marionette	WARN	TLS certificate errors will be ignored for this session
1622371832109	Marionette	INFO	Proxy settings initialised: {"proxyType":"manual","httpProxy":"1.0.213.174:8080","sslProxy":"1.0.213.174:8080"}
1622371915341	Marionette	INFO	Stopped listening on port 54586

###!!! [Child][RunMessage] Error: Channel closing: too late to send/recv, messages will be lost

1622372231920	geckodriver	INFO	Listening on 127.0.0.1:54734
1622372234959	mozrunner::runner	INFO	Running command: "C:\\Program Files\\Mozilla Firefox\\firefox.exe" "--marionette" "-foreground" "-no-remote" "-profile" "C:\\Users\\kafal\\AppData\\Local\\Temp\\rust_mozprofile2eQEhd"
1622372235773	Marionette	INFO	Marionette enabled
console.warn: SearchSettings: "get: No settings file exists, new profile?" (new Error("", "(unknown module)"))
1622372243141	Marionette	INFO	Listening on port 54742
1622372243299	Marionette	WARN	TLS certificate errors will be ignored for this session
1622372243306	Marionette	INFO	Proxy settings initialised: {"proxyType":"manual","httpProxy":"1.0.213.174:8080","sslProxy":"1.0.213.174:8080"}
console.error: services.settings: 
  main/fxmonitor-breaches Signature failed  TypeError: NetworkError when attempting to fetch resource.
[Parent 10508, IPC I/O Parent] WARNING: file /builds/worker/checkouts/gecko/ipc/chromium/src/base/process_util_win.cc:167
JavaScript error: resource://gre/modules/AsyncShutdown.jsm, line 718: Error: Phase "Sqlite.jsm: wait until all connections are closed" is finished, it is too late to register completion condition "protections.sqlite#0: waiting for shutdown"
1622372255896	Marionette	INFO	Stopped listening on port 54742

###!!! [Child][RunMessage] Error: Channel closing: too late to send/recv, messages will be lost

1622372292463	geckodriver	INFO	Listening on 127.0.0.1:54794
1622372295513	mozrunner::runner	INFO	Running command: "C:\\Program Files\\Mozilla Firefox\\firefox.exe" "--marionette" "-foreground" "-no-remote" "-profile" "C:\\Users\\kafal\\AppData\\Local\\Temp\\rust_mozprofilelnRe99"
1622372296400	Marionette	INFO	Marionette enabled
console.warn: SearchSettings: "get: No settings file exists, new profile?" (new Error("", "(unknown module)"))
JavaScript error: resource://activity-stream/lib/ActivityStreamPrefs.jsm, line 27: NS_ERROR_ILLEGAL_VALUE: Component returned failure code: 0x80070057 (NS_ERROR_ILLEGAL_VALUE) [nsIPrefBranch.removeObserver]
JavaScript error: resource:///modules/CustomizableUI.jsm, line 5348: TypeError: win is null
console.error: Region.jsm: "Error fetching region" (new TypeError("NetworkError when attempting to fetch resource.", ""))
console.error: Region.jsm: "Failed to fetch region" (new Error("NO_RESULT", "resource://gre/modules/Region.jsm", 419))
[Parent 11972, IPC I/O Parent] WARNING: file /builds/worker/checkouts/gecko/ipc/chromium/src/base/process_util_win.cc:167
JavaScript error: resource://gre/modules/JSONFile.jsm, line 196: Error: Data is not ready.
console.log: "RemoteSettingsWorker error: Error: Can't import when we've started shutting down."
console.log: "RemoteSettingsWorker error: Error: Can't import when we've started shutting down."
console.log: "RemoteSettingsWorker error: Error: Can't import when we've started shutting down."
console.error: "Could not load engine google@search.mozilla.org: [Exception... \"AddonManager is not initialized\"  nsresult: \"0xc1f30001 (NS_ERROR_NOT_INITIALIZED)\"  location: \"JS frame :: resource://gre/modules/AddonManager.jsm :: installBuiltinAddon :: line 2550\"  data: no]"
console.error: "Could not load engine wikipedia@search.mozilla.org: [Exception... \"AddonManager is not initialized\"  nsresult: \"0xc1f30001 (NS_ERROR_NOT_INITIALIZED)\"  location: \"JS frame :: resource://gre/modules/AddonManager.jsm :: installBuiltinAddon :: line 2550\"  data: no]"
console.error: "Could not load engine yandex@search.mozilla.org: [Exception... \"AddonManager is not initialized\"  nsresult: \"0xc1f30001 (NS_ERROR_NOT_INITIALIZED)\"  location: \"JS frame :: resource://gre/modules/AddonManager.jsm :: installBuiltinAddon :: line 2550\"  data: no]"
console.error: "Could not load engine ddg@search.mozilla.org: [Exception... \"AddonManager is not initialized\"  nsresult: \"0xc1f30001 (NS_ERROR_NOT_INITIALIZED)\"  location: \"JS frame :: resource://gre/modules/AddonManager.jsm :: installBuiltinAddon :: line 2550\"  data: no]"
console.warn: SearchService: "_init: abandoning init due to shutting down"
JavaScript error: , line 0: uncaught exception: 2147500036
JavaScript error: , line 0: uncaught exception: 2147500036
JavaScript error: resource://activity-stream/lib/PlacesFeed.jsm, line 171: NS_ERROR_XPC_GS_RETURNED_FAILURE: ServiceManager::GetService returned failure code:
JavaScript error: resource://gre/modules/ExtensionSettingsStore.jsm, line 122: Error: The ExtensionSettingsStore was accessed before the initialize promise resolved.
JavaScript error: , line 0: AbortError: A request was aborted, for example through a call to IDBTransaction.abort.
JavaScript error: , line 0: uncaught exception: 2147500036
JavaScript error: , line 0: uncaught exception: 2147500036
JavaScript error: resource://gre/modules/AsyncShutdown.jsm, line 575: uncaught exception: Object

###!!! [Child][RunMessage] Error: Channel closing: too late to send/recv, messages will be lost

1622372487225	geckodriver	INFO	Listening on 127.0.0.1:55245
1622372509164	geckodriver	INFO	Listening on 127.0.0.1:55252
1622372512210	mozrunner::runner	INFO	Running command: "C:\\Program Files\\Mozilla Firefox\\firefox.exe" "--marionette" "-foreground" "-no-remote" "-profile" "C:\\Users\\kafal\\AppData\\Local\\Temp\\rust_mozprofile45o761"
1622372513677	Marionette	INFO	Marionette enabled
console.warn: SearchSettings: "get: No settings file exists, new profile?" (new Error("", "(unknown module)"))
JavaScript error: resource://activity-stream/lib/ActivityStreamPrefs.jsm, line 27: NS_ERROR_ILLEGAL_VALUE: Component returned failure code: 0x80070057 (NS_ERROR_ILLEGAL_VALUE) [nsIPrefBranch.removeObserver]
console.warn: services.settings: main/fxmonitor-breaches sync interrupted by shutdown
console.error: Region.jsm: "Error fetching region" (new TypeError("NetworkError when attempting to fetch resource.", ""))
console.error: Region.jsm: "Failed to fetch region" (new Error("NO_RESULT", "resource://gre/modules/Region.jsm", 419))
JavaScript error: resource://gre/modules/JSONFile.jsm, line 196: Error: Data is not ready.
console.log: "RemoteSettingsWorker error: Error: Can't import when we've started shutting down."
JavaScript error: resource://activity-stream/lib/PlacesFeed.jsm, line 172: NS_ERROR_UNEXPECTED: Component returned failure code: 0x8000ffff (NS_ERROR_UNEXPECTED) [nsINavBookmarksService.addObserver]
JavaScript error: resource://gre/modules/ExtensionSettingsStore.jsm, line 122: Error: The ExtensionSettingsStore was accessed before the initialize promise resolved.
console.log: "RemoteSettingsWorker error: Error: Can't import when we've started shutting down."
console.log: "RemoteSettingsWorker error: Error: Can't import when we've started shutting down."
console.log: "RemoteSettingsWorker error: Error: Can't import when we've started shutting down."
console.error: "Could not load engine google@search.mozilla.org: [Exception... \"AddonManager is not initialized\"  nsresult: \"0xc1f30001 (NS_ERROR_NOT_INITIALIZED)\"  location: \"JS frame :: resource://gre/modules/AddonManager.jsm :: installBuiltinAddon :: line 2550\"  data: no]"
console.error: "Could not load engine wikipedia@search.mozilla.org: [Exception... \"AddonManager is not initialized\"  nsresult: \"0xc1f30001 (NS_ERROR_NOT_INITIALIZED)\"  location: \"JS frame :: resource://gre/modules/AddonManager.jsm :: installBuiltinAddon :: line 2550\"  data: no]"
console.error: "Could not load engine yandex@search.mozilla.org: [Exception... \"AddonManager is not initialized\"  nsresult: \"0xc1f30001 (NS_ERROR_NOT_INITIALIZED)\"  location: \"JS frame :: resource://gre/modules/AddonManager.jsm :: installBuiltinAddon :: line 2550\"  data: no]"
console.error: "Could not load engine ddg@search.mozilla.org: [Exception... \"AddonManager is not initialized\"  nsresult: \"0xc1f30001 (NS_ERROR_NOT_INITIALIZED)\"  location: \"JS frame :: resource://gre/modules/AddonManager.jsm :: installBuiltinAddon :: line 2550\"  data: no]"
console.warn: SearchService: "_init: abandoning init due to shutting down"
JavaScript error: , line 0: uncaught exception: 2147500036
JavaScript error: , line 0: uncaught exception: 2147500036
JavaScript error: , line 0: uncaught exception: 2147500036
JavaScript error: , line 0: uncaught exception: 2147500036
JavaScript error: , line 0: uncaught exception: 2147500036
console.error: PushService: 
  stateChangeProcessEnqueue: Error transitioning state
  AbortError
console.error: PushService: 
  clearOriginData: Error clearing origin data:
  AbortError

###!!! [Child][RunMessage] Error: Channel closing: too late to send/recv, messages will be lost

1622372736708	geckodriver	INFO	Listening on 127.0.0.1:55410
1622372739771	mozrunner::runner	INFO	Running command: "C:\\Program Files\\Mozilla Firefox\\firefox.exe" "--marionette" "-foreground" "-no-remote" "-profile" "C:\\Users\\kafal\\AppData\\Local\\Temp\\rust_mozprofileygZdFB"
1622372740734	Marionette	INFO	Marionette enabled
console.warn: SearchSettings: "get: No settings file exists, new profile?" (new Error("", "(unknown module)"))
1622372747078	Marionette	INFO	Listening on port 55418
JavaScript error: resource://activity-stream/lib/ActivityStreamPrefs.jsm, line 27: NS_ERROR_ILLEGAL_VALUE: Component returned failure code: 0x80070057 (NS_ERROR_ILLEGAL_VALUE) [nsIPrefBranch.removeObserver]
1622372747389	Marionette	WARN	TLS certificate errors will be ignored for this session
1622372747394	Marionette	INFO	Proxy settings initialised: {"proxyType":"manual","httpProxy":"1.0.213.174:8080","sslProxy":"1.0.213.174:8080"}
JavaScript error: chrome://marionette/content/driver.js, line 2346: NS_ERROR_FAILURE: Component returned failure code: 0x80004005 (NS_ERROR_FAILURE) [nsIObserverService.removeObserver]
JavaScript error: resource://gre/modules/JSONFile.jsm, line 196: Error: Data is not ready.
JavaScript error: chrome://marionette/content/driver.js, line 2346: NS_ERROR_FAILURE: Component returned failure code: 0x80004005 (NS_ERROR_FAILURE) [nsIObserverService.removeObserver]
console.log: "RemoteSettingsWorker error: Error: Can't import when we've started shutting down."
JavaScript error: resource://activity-stream/lib/PlacesFeed.jsm, line 172: NS_ERROR_UNEXPECTED: Component returned failure code: 0x8000ffff (NS_ERROR_UNEXPECTED) [nsINavBookmarksService.addObserver]
JavaScript error: resource://gre/modules/ExtensionSettingsStore.jsm, line 122: Error: The ExtensionSettingsStore was accessed before the initialize promise resolved.
console.log: "RemoteSettingsWorker error: Error: Can't import when we've started shutting down."
console.log: "RemoteSettingsWorker error: Error: Can't import when we've started shutting down."
console.log: "RemoteSettingsWorker error: Error: Can't import when we've started shutting down."
console.error: "Could not load engine google@search.mozilla.org: [Exception... \"AddonManager is not initialized\"  nsresult: \"0xc1f30001 (NS_ERROR_NOT_INITIALIZED)\"  location: \"JS frame :: resource://gre/modules/AddonManager.jsm :: installBuiltinAddon :: line 2550\"  data: no]"
console.error: "Could not load engine wikipedia@search.mozilla.org: [Exception... \"AddonManager is not initialized\"  nsresult: \"0xc1f30001 (NS_ERROR_NOT_INITIALIZED)\"  location: \"JS frame :: resource://gre/modules/AddonManager.jsm :: installBuiltinAddon :: line 2550\"  data: no]"
console.error: "Could not load engine yandex@search.mozilla.org: [Exception... \"AddonManager is not initialized\"  nsresult: \"0xc1f30001 (NS_ERROR_NOT_INITIALIZED)\"  location: \"JS frame :: resource://gre/modules/AddonManager.jsm :: installBuiltinAddon :: line 2550\"  data: no]"
console.error: "Could not load engine ddg@search.mozilla.org: [Exception... \"AddonManager is not initialized\"  nsresult: \"0xc1f30001 (NS_ERROR_NOT_INITIALIZED)\"  location: \"JS frame :: resource://gre/modules/AddonManager.jsm :: installBuiltinAddon :: line 2550\"  data: no]"
console.warn: SearchService: "_init: abandoning init due to shutting down"
JavaScript error: , line 0: uncaught exception: 2147500036
JavaScript error: , line 0: uncaught exception: 2147500036
JavaScript error: , line 0: uncaught exception: 2147500036
JavaScript error: , line 0: uncaught exception: 2147500036
JavaScript error: , line 0: uncaught exception: 2147500036
console.error: PushService: 
  stateChangeProcessEnqueue: Error transitioning state
  AbortError
console.error: PushService: 
  clearOriginData: Error clearing origin data:
  AbortError
1622372751389	Marionette	INFO	Stopped listening on port 55418

###!!! [Child][RunMessage] Error: Channel closing: too late to send/recv, messages will be lost

JavaScript error: resource://gre/modules/CrashManager.jsm, line 833: NotAllowedError: Shutting down and refusing additional I/O tasks
1622372861075	geckodriver	INFO	Listening on 127.0.0.1:55500
1622372864100	mozrunner::runner	INFO	Running command: "C:\\Program Files\\Mozilla Firefox\\firefox.exe" "--marionette" "-foreground" "-no-remote" "-profile" "C:\\Users\\kafal\\AppData\\Local\\Temp\\rust_mozprofilebLNgph"
1622372865156	Marionette	INFO	Marionette enabled
console.warn: SearchSettings: "get: No settings file exists, new profile?" (new Error("", "(unknown module)"))
JavaScript error: resource://activity-stream/lib/ActivityStreamPrefs.jsm, line 27: NS_ERROR_ILLEGAL_VALUE: Component returned failure code: 0x80070057 (NS_ERROR_ILLEGAL_VALUE) [nsIPrefBranch.removeObserver]
console.error: Region.jsm: "Error fetching region" (new TypeError("NetworkError when attempting to fetch resource.", ""))
console.error: Region.jsm: "Failed to fetch region" (new Error("NO_RESULT", "resource://gre/modules/Region.jsm", 419))
[Parent 9372, IPC I/O Parent] WARNING: file /builds/worker/checkouts/gecko/ipc/chromium/src/base/process_util_win.cc:167
JavaScript error: resource://gre/modules/JSONFile.jsm, line 196: Error: Data is not ready.
console.log: "RemoteSettingsWorker error: Error: Can't import when we've started shutting down."
console.log: "RemoteSettingsWorker error: Error: Can't import when we've started shutting down."
console.log: "RemoteSettingsWorker error: Error: Can't import when we've started shutting down."
console.error: "Could not load engine google@search.mozilla.org: [Exception... \"AddonManager is not initialized\"  nsresult: \"0xc1f30001 (NS_ERROR_NOT_INITIALIZED)\"  location: \"JS frame :: resource://gre/modules/AddonManager.jsm :: installBuiltinAddon :: line 2550\"  data: no]"
console.error: "Could not load engine wikipedia@search.mozilla.org: [Exception... \"AddonManager is not initialized\"  nsresult: \"0xc1f30001 (NS_ERROR_NOT_INITIALIZED)\"  location: \"JS frame :: resource://gre/modules/AddonManager.jsm :: installBuiltinAddon :: line 2550\"  data: no]"
console.error: "Could not load engine yandex@search.mozilla.org: [Exception... \"AddonManager is not initialized\"  nsresult: \"0xc1f30001 (NS_ERROR_NOT_INITIALIZED)\"  location: \"JS frame :: resource://gre/modules/AddonManager.jsm :: installBuiltinAddon :: line 2550\"  data: no]"
console.error: "Could not load engine ddg@search.mozilla.org: [Exception... \"AddonManager is not initialized\"  nsresult: \"0xc1f30001 (NS_ERROR_NOT_INITIALIZED)\"  location: \"JS frame :: resource://gre/modules/AddonManager.jsm :: installBuiltinAddon :: line 2550\"  data: no]"
console.warn: SearchService: "_init: abandoning init due to shutting down"
JavaScript error: , line 0: uncaught exception: 2147500036
JavaScript error: , line 0: uncaught exception: 2147500036
JavaScript error: resource://activity-stream/lib/PlacesFeed.jsm, line 171: NS_ERROR_XPC_GS_RETURNED_FAILURE: ServiceManager::GetService returned failure code:
JavaScript error: resource://gre/modules/ExtensionSettingsStore.jsm, line 122: Error: The ExtensionSettingsStore was accessed before the initialize promise resolved.
JavaScript error: , line 0: AbortError: A request was aborted, for example through a call to IDBTransaction.abort.
JavaScript error: , line 0: uncaught exception: 2147500036
JavaScript error: , line 0: uncaught exception: 2147500036
JavaScript error: resource://gre/modules/AsyncShutdown.jsm, line 575: uncaught exception: Object

###!!! [Child][RunMessage] Error: Channel closing: too late to send/recv, messages will be lost

1622372986184	geckodriver	INFO	Listening on 127.0.0.1:55543
1622372989278	mozrunner::runner	INFO	Running command: "C:\\Program Files\\Mozilla Firefox\\firefox.exe" "--marionette" "-foreground" "-no-remote" "-profile" "C:\\Users\\kafal\\AppData\\Local\\Temp\\rust_mozprofileI1jiQ6"
1622372990134	Marionette	INFO	Marionette enabled
console.warn: SearchSettings: "get: No settings file exists, new profile?" (new Error("", "(unknown module)"))
1622372997389	Marionette	INFO	Listening on port 55551
1622372997757	Marionette	WARN	TLS certificate errors will be ignored for this session
1622372997763	Marionette	INFO	Proxy settings initialised: {"proxyType":"manual","httpProxy":"1.0.213.174:8080","sslProxy":"1.0.213.174:8080"}
console.error: services.settings: 
  main/fxmonitor-breaches Signature failed  TypeError: NetworkError when attempting to fetch resource.
1622373016681	Marionette	INFO	Stopped listening on port 55551
1622373025854	geckodriver	INFO	Listening on 127.0.0.1:55610
1622373309575	geckodriver	INFO	Listening on 127.0.0.1:55633
1622373347108	geckodriver	INFO	Listening on 127.0.0.1:55640
1622373350154	mozrunner::runner	INFO	Running command: "C:\\Program Files\\Mozilla Firefox\\firefox.exe" "--marionette" "-foreground" "-no-remote" "-profile" "C:\\Users\\kafal\\AppData\\Local\\Temp\\rust_mozprofileNFy6Yj"
1622373350986	Marionette	INFO	Marionette enabled
console.warn: SearchSettings: "get: No settings file exists, new profile?" (new Error("", "(unknown module)"))
1622373357592	Marionette	INFO	Listening on port 55648
1622373358135	Marionette	WARN	TLS certificate errors will be ignored for this session
1622373358144	Marionette	INFO	Proxy settings initialised: {"proxyType":"manual","httpProxy":"1.0.213.174:8080","sslProxy":"1.0.213.174:8080"}

###!!! [Child][RunMessage] Error: Channel closing: too late to send/recv, messages will be lost

1622373386158	Marionette	INFO	Stopped listening on port 55648

###!!! [Child][RunMessage] Error: Channel closing: too late to send/recv, messages will be lost

1622373416508	geckodriver	INFO	Listening on 127.0.0.1:55703
1622373419552	mozrunner::runner	INFO	Running command: "C:\\Program Files\\Mozilla Firefox\\firefox.exe" "--marionette" "-foreground" "-no-remote" "-profile" "C:\\Users\\kafal\\AppData\\Local\\Temp\\rust_mozprofilenmjmj3"
1622373420286	Marionette	INFO	Marionette enabled
console.warn: SearchSettings: "get: No settings file exists, new profile?" (new Error("", "(unknown module)"))
1622373428252	Marionette	INFO	Listening on port 55711
1622373428673	Marionette	WARN	TLS certificate errors will be ignored for this session
1622373428679	Marionette	INFO	Proxy settings initialised: {"proxyType":"manual","httpProxy":"1.0.213.174:8080","sslProxy":"1.0.213.174:8080"}
1622373464901	Marionette	INFO	Stopped listening on port 55711

###!!! [Child][RunMessage] Error: Channel closing: too late to send/recv, messages will be lost

1622373514508	geckodriver	INFO	Listening on 127.0.0.1:55810
1622373517572	mozrunner::runner	INFO	Running command: "C:\\Program Files\\Mozilla Firefox\\firefox.exe" "--marionette" "-foreground" "-no-remote" "-profile" "C:\\Users\\kafal\\AppData\\Local\\Temp\\rust_mozprofile2xVuvz"
1622373518409	Marionette	INFO	Marionette enabled
console.warn: SearchSettings: "get: No settings file exists, new profile?" (new Error("", "(unknown module)"))
1622373525194	Marionette	INFO	Listening on port 55818
1622373525530	Marionette	WARN	TLS certificate errors will be ignored for this session
1622373525536	Marionette	INFO	Proxy settings initialised: {"proxyType":"manual","httpProxy":"88.250.252.163:24282","sslProxy":"88.250.252.163:24282"}
console.error: services.settings: 
  main/fxmonitor-breaches Signature failed  TypeError: NetworkError when attempting to fetch resource.
1622373614047	Marionette	INFO	Stopped listening on port 55818

###!!! [Child][RunMessage] Error: Channel closing: too late to send/recv, messages will be lost

"--marionette" "-foreground" "-no-remote" "-profile" "C:\\Users\\kafal\\AppData\\Local\\Temp\\rust_mozprofilen5XHt4"
1622373590859	Marionette	INFO	Marionette enabled
console.warn: SearchSettings: "get: No settings file exists, new profile?" (new Error("", "(unknown module)"))
console.error: Region.jsm: "Error fetching region" (new Error("TIMEOUT", "resource://gre/modules/Region.jsm", 772))
console.error: Region.jsm: "Failed to fetch region" (new Error("TIMEOUT", "resource://gre/modules/Region.jsm", 419))
1622373607513	Marionette	INFO	Listening on port 55895
1622373607723	Marionette	WARN	TLS certificate errors will be ignored for this session
1622373607729	Marionette	INFO	Proxy settings initialised: {"proxyType":"manual","httpProxy":"27.147.219.46:8080","sslProxy":"27.147.219.46:8080"}
IPDL protocol error: Handler returned error code!

###!!! [Parent][DispatchAsyncMessage] Error: PMessagePort::Msg_PostMessages Processing error: message was deserialized, but the handler returned false (indicating failure)


###!!! [Child][RunMessage] Error: Channel closing: too late to send/recv, messages will be lost

1622373781530	Marionette	INFO	Stopped listening on port 55895

###!!! [Child][RunMessage] Error: Channel closing: too late to send/recv, messages will be lost

1622373875967	geckodriver	INFO	Listening on 127.0.0.1:56073
1622373878994	mozrunner::runner	INFO	Running command: "C:\\Program Files\\Mozilla Firefox\\firefox.exe" "--marionette" "-foreground" "-no-remote" "-profile" "C:\\Users\\kafal\\AppData\\Local\\Temp\\rust_mozprofileNr7oly"
1622373880063	Marionette	INFO	Marionette enabled
console.warn: SearchSettings: "get: No settings file exists, new profile?" (new Error("", "(unknown module)"))
1622373887002	Marionette	INFO	Listening on port 56081
1622373887118	Marionette	WARN	TLS certificate errors will be ignored for this session
1622373887126	Marionette	INFO	Proxy settings initialised: {"proxyType":"manual","httpProxy":"34.122.64.20:8080","sslProxy":"34.122.64.20:8080"}
1622374124918	Marionette	INFO	Stopped listening on port 56081
2373987547	mozrunner::runner	INFO	Running command: "C:\\Program Files\\Mozilla Firefox\\firefox.exe" "--marionette" "-foreground" "-no-remote" "-profile" "C:\\Users\\kafal\\AppData\\Local\\Temp\\rust_mozprofile8gsaVT"
1622373988456	Marionette	INFO	Marionette enabled
console.warn: SearchSettings: "get: No settings file exists, new profile?" (new Error("", "(unknown module)"))
1622373995678	Marionette	INFO	Listening on port 56157
1622373996031	Marionette	WARN	TLS certificate errors will be ignored for this session
1622373996039	Marionette	INFO	Proxy settings initialised: {"proxyType":"manual","httpProxy":"34.122.64.20:8080","sslProxy":"34.122.64.20:8080"}
console.error: services.settings: 
  main/fxmonitor-breaches Signature failed  TypeError: NetworkError when attempting to fetch resource.
1622374013322	Marionette	INFO	Stopped listening on port 56157
1622374108768	geckodriver	INFO	Listening on 127.0.0.1:56188
1622374111820	mozrunner::runner	INFO	Running command: "C:\\Program Files\\Mozilla Firefox\\firefox.exe" "--marionette" "-foreground" "-no-remote" "-profile" "C:\\Users\\kafal\\AppData\\Local\\Temp\\rust_mozprofileeuTqea"
1622374112771	Marionette	INFO	Marionette enabled
console.warn: SearchSettings: "get: No settings file exists, new profile?" (new Error("", "(unknown module)"))
1622374120773	Marionette	INFO	Listening on port 56196
1622374120917	Marionette	WARN	TLS certificate errors will be ignored for this session
1622374120924	Marionette	INFO	Proxy settings initialised: {"proxyType":"manual","httpProxy":"213.108.5.224:3128","sslProxy":"213.108.5.224:3128"}
console.error: services.settings: 
  main/fxmonitor-breaches Signature failed  TypeError: NetworkError when attempting to fetch resource.

###!!! [Child][RunMessage] Error: Channel closing: too late to send/recv, messages will be lost

1622374174751	Marionette	INFO	Stopped listening on port 56196

###!!! [Child][RunMessage] Error: Channel closing: too late to send/recv, messages will be lost

